c:\users\александр\source\repos\lab4\lab4\lab4\debug\vc142.pdb
c:\users\александр\source\repos\lab4\lab4\lab4\debug\vc142.idb
c:\users\александр\source\repos\lab4\lab4\lab4\debug\source.obj
c:\users\александр\source\repos\lab4\lab4\lab4\debug\complex.obj
c:\users\termi\source\repos\c++\lab4\debug\lab4.ilk
c:\users\termi\source\repos\c++\lab4\debug\lab4.exe
c:\users\termi\source\repos\c++\lab4\debug\lab4.pdb
c:\users\termi\desktop\lab4\debug\lab4.exe
c:\users\termi\desktop\lab4\debug\lab4.ilk
c:\users\termi\desktop\lab4\debug\lab4.pdb
c:\users\александр\source\repos\lab4\lab4\debug\lab4.ilk
c:\users\александр\source\repos\lab4\lab4\debug\lab4.exe
c:\users\александр\source\repos\lab4\lab4\debug\lab4.pdb
c:\users\termi\desktop\lab4-main\lab4\lab4\debug\complex.obj
c:\users\termi\desktop\lab4-main\lab4\lab4\debug\source.obj
c:\users\termi\desktop\lab4-main\lab4\lab4\debug\vc142.idb
c:\users\termi\desktop\lab4-main\lab4\lab4\debug\vc142.pdb
c:\users\termi\desktop\lab4-main\lab4\debug\lab4.pdb
c:\users\termi\desktop\lab4-main\lab4\debug\lab4.exe
c:\users\termi\desktop\lab4-main\lab4\debug\lab4.ilk
c:\users\termi\desktop\lab4-main\lab4\lab4\debug\lab4.tlog\cl.command.1.tlog
c:\users\termi\desktop\lab4-main\lab4\lab4\debug\lab4.tlog\cl.read.1.tlog
c:\users\termi\desktop\lab4-main\lab4\lab4\debug\lab4.tlog\cl.write.1.tlog
c:\users\termi\desktop\lab4-main\lab4\lab4\debug\lab4.tlog\link.command.1.tlog
c:\users\termi\desktop\lab4-main\lab4\lab4\debug\lab4.tlog\link.read.1.tlog
c:\users\termi\desktop\lab4-main\lab4\lab4\debug\lab4.tlog\link.write.1.tlog
